<?xml version="1.0" encoding="UTF-8"?>
<!-- Generated by org.testng.reporters.JUnitXMLReporter -->
<testsuite hostname="Andrews-MBP.local.tld" ignored="0" name="All Functionalities" tests="5" failures="0" timestamp="2023-01-29T13:09:53 CST" time="52.446" errors="0">
  <testcase name="validateMainManuNavigationItems" time="0.607" classname="scripts.UnitedHeaderTest"/>
  <testcase name="validateBookTravelManuNavigationItems" time="0.365" classname="scripts.UnitedMainPageTest"/>
  <testcase name="validateRadioButtons" time="0.432" classname="scripts.UnitedMainPageTest"/>
  <testcase name="validateCheckBoxes" time="0.8" classname="scripts.UnitedMainPageTest"/>
  <testcase name="validateOneWayTicketSearch" time="6.089" classname="scripts.UnitedMainPageTest"/>
</testsuite> <!-- All Functionalities -->
