<?xml version="1.0" encoding="UTF-8"?>
<!-- Generated by org.testng.reporters.JUnitXMLReporter -->
<testsuite hostname="Andrews-MBP.local.tld" ignored="0" name="All Functionalities" tests="5" failures="0" timestamp="2023-01-31T17:26:10 CST" time="59.544" errors="0">
  <testcase name="validateMainManuNavigationItems" time="0.699" classname="scripts.UnitedBasePageTest"/>
  <testcase name="validateBookTravelManuNavigationItems" time="0.338" classname="scripts.UnitedBasePageTest"/>
  <testcase name="validateRadioButtons" time="0.426" classname="scripts.UnitedBasePageTest"/>
  <testcase name="validateCheckBoxes" time="0.772" classname="scripts.UnitedBasePageTest"/>
  <testcase name="validateOneWayTicketSearch" time="7.292" classname="scripts.UnitedBasePageTest"/>
</testsuite> <!-- All Functionalities -->
