<?xml version="1.0" encoding="UTF-8"?>
<testng-results skipped="0" failed="0" ignored="0" total="5" passed="5">
  <reporter-output>
  </reporter-output>
  <suite name="Regression" duration-ms="52446" started-at="2023-01-29T13:09:01 CST" finished-at="2023-01-29T13:09:53 CST">
    <groups>
    </groups>
    <test name="All Functionalities" duration-ms="52446" started-at="2023-01-29T13:09:01 CST" finished-at="2023-01-29T13:09:53 CST">
      <class name="scripts.UnitedMainPageTest">
        <test-method status="PASS" signature="setup()[pri:0, instance:scripts.UnitedMainPageTest@3abbfa04]" name="setup" is-config="true" duration-ms="7817" started-at="2023-01-29T13:09:12 CST" finished-at="2023-01-29T13:09:20 CST">
          <reporter-output>
          </reporter-output>
        </test-method> <!-- setup -->
        <test-method status="PASS" signature="setPage()[pri:0, instance:scripts.UnitedMainPageTest@3abbfa04]" name="setPage" is-config="true" duration-ms="12" started-at="2023-01-29T13:09:20 CST" finished-at="2023-01-29T13:09:20 CST">
          <reporter-output>
          </reporter-output>
        </test-method> <!-- setPage -->
        <test-method status="PASS" signature="validateBookTravelManuNavigationItems()[pri:1, instance:scripts.UnitedMainPageTest@3abbfa04]" name="validateBookTravelManuNavigationItems" duration-ms="365" started-at="2023-01-29T13:09:20 CST" description="Validation of Book travel menu navigation items" finished-at="2023-01-29T13:09:20 CST">
          <reporter-output>
          </reporter-output>
        </test-method> <!-- validateBookTravelManuNavigationItems -->
        <test-method status="PASS" signature="teardown()[pri:0, instance:scripts.UnitedMainPageTest@3abbfa04]" name="teardown" is-config="true" duration-ms="319" started-at="2023-01-29T13:09:20 CST" finished-at="2023-01-29T13:09:20 CST">
          <reporter-output>
          </reporter-output>
        </test-method> <!-- teardown -->
        <test-method status="PASS" signature="setup()[pri:0, instance:scripts.UnitedMainPageTest@3abbfa04]" name="setup" is-config="true" duration-ms="8206" started-at="2023-01-29T13:09:20 CST" finished-at="2023-01-29T13:09:29 CST">
          <reporter-output>
          </reporter-output>
        </test-method> <!-- setup -->
        <test-method status="PASS" signature="setPage()[pri:0, instance:scripts.UnitedMainPageTest@3abbfa04]" name="setPage" is-config="true" duration-ms="2" started-at="2023-01-29T13:09:29 CST" finished-at="2023-01-29T13:09:29 CST">
          <reporter-output>
          </reporter-output>
        </test-method> <!-- setPage -->
        <test-method status="PASS" signature="validateRadioButtons()[pri:2, instance:scripts.UnitedMainPageTest@3abbfa04]" name="validateRadioButtons" duration-ms="432" started-at="2023-01-29T13:09:29 CST" description="Validation of &#039;Round-trip&#039; and &#039;One-way&#039; radio buttons" finished-at="2023-01-29T13:09:29 CST">
          <reporter-output>
          </reporter-output>
        </test-method> <!-- validateRadioButtons -->
        <test-method status="PASS" signature="teardown()[pri:0, instance:scripts.UnitedMainPageTest@3abbfa04]" name="teardown" is-config="true" duration-ms="334" started-at="2023-01-29T13:09:29 CST" finished-at="2023-01-29T13:09:29 CST">
          <reporter-output>
          </reporter-output>
        </test-method> <!-- teardown -->
        <test-method status="PASS" signature="setup()[pri:0, instance:scripts.UnitedMainPageTest@3abbfa04]" name="setup" is-config="true" duration-ms="7897" started-at="2023-01-29T13:09:29 CST" finished-at="2023-01-29T13:09:37 CST">
          <reporter-output>
          </reporter-output>
        </test-method> <!-- setup -->
        <test-method status="PASS" signature="setPage()[pri:0, instance:scripts.UnitedMainPageTest@3abbfa04]" name="setPage" is-config="true" duration-ms="1" started-at="2023-01-29T13:09:37 CST" finished-at="2023-01-29T13:09:37 CST">
          <reporter-output>
          </reporter-output>
        </test-method> <!-- setPage -->
        <test-method status="PASS" signature="validateCheckBoxes()[pri:3, instance:scripts.UnitedMainPageTest@3abbfa04]" name="validateCheckBoxes" duration-ms="800" started-at="2023-01-29T13:09:37 CST" description="Validation of &#039;Book with miles&#039; and &#039;Flexible dates&#039; checkboxes" finished-at="2023-01-29T13:09:38 CST">
          <reporter-output>
          </reporter-output>
        </test-method> <!-- validateCheckBoxes -->
        <test-method status="PASS" signature="teardown()[pri:0, instance:scripts.UnitedMainPageTest@3abbfa04]" name="teardown" is-config="true" duration-ms="321" started-at="2023-01-29T13:09:38 CST" finished-at="2023-01-29T13:09:38 CST">
          <reporter-output>
          </reporter-output>
        </test-method> <!-- teardown -->
        <test-method status="PASS" signature="setup()[pri:0, instance:scripts.UnitedMainPageTest@3abbfa04]" name="setup" is-config="true" duration-ms="7755" started-at="2023-01-29T13:09:38 CST" finished-at="2023-01-29T13:09:46 CST">
          <reporter-output>
          </reporter-output>
        </test-method> <!-- setup -->
        <test-method status="PASS" signature="setPage()[pri:0, instance:scripts.UnitedMainPageTest@3abbfa04]" name="setPage" is-config="true" duration-ms="2" started-at="2023-01-29T13:09:46 CST" finished-at="2023-01-29T13:09:46 CST">
          <reporter-output>
          </reporter-output>
        </test-method> <!-- setPage -->
        <test-method status="PASS" signature="validateOneWayTicketSearch()[pri:4, instance:scripts.UnitedMainPageTest@3abbfa04]" name="validateOneWayTicketSearch" duration-ms="6089" started-at="2023-01-29T13:09:46 CST" finished-at="2023-01-29T13:09:52 CST">
          <reporter-output>
          </reporter-output>
        </test-method> <!-- validateOneWayTicketSearch -->
        <test-method status="PASS" signature="teardown()[pri:0, instance:scripts.UnitedMainPageTest@3abbfa04]" name="teardown" is-config="true" duration-ms="1164" started-at="2023-01-29T13:09:52 CST" finished-at="2023-01-29T13:09:53 CST">
          <reporter-output>
          </reporter-output>
        </test-method> <!-- teardown -->
      </class> <!-- scripts.UnitedMainPageTest -->
      <class name="scripts.UnitedHeaderTest">
        <test-method status="PASS" signature="setup()[pri:0, instance:scripts.UnitedHeaderTest@239963d8]" name="setup" is-config="true" duration-ms="9960" started-at="2023-01-29T13:09:01 CST" finished-at="2023-01-29T13:09:11 CST">
          <reporter-output>
          </reporter-output>
        </test-method> <!-- setup -->
        <test-method status="PASS" signature="setPage()[pri:0, instance:scripts.UnitedHeaderTest@239963d8]" name="setPage" is-config="true" duration-ms="15" started-at="2023-01-29T13:09:11 CST" finished-at="2023-01-29T13:09:11 CST">
          <reporter-output>
          </reporter-output>
        </test-method> <!-- setPage -->
        <test-method status="PASS" signature="validateMainManuNavigationItems()[pri:1, instance:scripts.UnitedHeaderTest@239963d8]" name="validateMainManuNavigationItems" duration-ms="607" started-at="2023-01-29T13:09:11 CST" description="Validate Main menu navigation items" finished-at="2023-01-29T13:09:12 CST">
          <reporter-output>
          </reporter-output>
        </test-method> <!-- validateMainManuNavigationItems -->
        <test-method status="PASS" signature="teardown()[pri:0, instance:scripts.UnitedHeaderTest@239963d8]" name="teardown" is-config="true" duration-ms="307" started-at="2023-01-29T13:09:12 CST" finished-at="2023-01-29T13:09:12 CST">
          <reporter-output>
          </reporter-output>
        </test-method> <!-- teardown -->
      </class> <!-- scripts.UnitedHeaderTest -->
    </test> <!-- All Functionalities -->
  </suite> <!-- Regression -->
</testng-results>
